
*** Running vivado
    with args -log ALU.vdi -applog -m64 -product Vivado -messageDb vivado.pb -mode batch -source ALU.tcl -notrace


****** Vivado v2018.2 (64-bit)
  **** SW Build 2258646 on Thu Jun 14 20:02:38 MDT 2018
  **** IP Build 2256618 on Thu Jun 14 22:10:49 MDT 2018
    ** Copyright 1986-2018 Xilinx, Inc. All Rights Reserved.

source ALU.tcl -notrace
Command: link_design -top ALU -part xc7a35tcpg236-1
Design is defaulting to srcset: sources_1
Design is defaulting to constrset: constrs_1
INFO: [Netlist 29-17] Analyzing 31 Unisim elements for replacement
INFO: [Netlist 29-28] Unisim Transformation completed in 0 CPU seconds
INFO: [Project 1-479] Netlist was created with Vivado 2018.2
INFO: [Device 21-403] Loading part xc7a35tcpg236-1
INFO: [Project 1-570] Preparing netlist for logic optimization
INFO: [Project 1-111] Unisim Transformation Summary:
No Unisim elements were transformed.

6 Infos, 0 Warnings, 0 Critical Warnings and 0 Errors encountered.
link_design completed successfully
link_design: Time (s): cpu = 00:00:06 ; elapsed = 00:00:15 . Memory (MB): peak = 1406.617 ; gain = 242.797 ; free physical = 57241 ; free virtual = 69372
Command: opt_design
Attempting to get a license for feature 'Implementation' and/or device 'xc7a35t'
INFO: [Common 17-349] Got license for feature 'Implementation' and/or device 'xc7a35t'
Running DRC as a precondition to command opt_design

Starting DRC Task
INFO: [DRC 23-27] Running DRC with 8 threads
INFO: [Project 1-461] DRC finished with 0 Errors
INFO: [Project 1-462] Please refer to the DRC report (report_drc) for more information.

Time (s): cpu = 00:00:01 ; elapsed = 00:00:01 . Memory (MB): peak = 1499.648 ; gain = 93.031 ; free physical = 57221 ; free virtual = 69353

Starting Cache Timing Information Task
INFO: [Timing 38-35] Done setting XDC timing constraints.
Ending Cache Timing Information Task | Checksum: 1946e9c6c

Time (s): cpu = 00:00:09 ; elapsed = 00:00:20 . Memory (MB): peak = 1943.148 ; gain = 443.500 ; free physical = 56803 ; free virtual = 68961

Starting Logic Optimization Task

Phase 1 Retarget
INFO: [Opt 31-138] Pushed 0 inverter(s) to 0 load pin(s).
INFO: [Opt 31-49] Retargeted 0 cell(s).
Phase 1 Retarget | Checksum: 1946e9c6c

Time (s): cpu = 00:00:00.03 ; elapsed = 00:00:00.05 . Memory (MB): peak = 1943.148 ; gain = 0.000 ; free physical = 56803 ; free virtual = 68962
INFO: [Opt 31-389] Phase Retarget created 0 cells and removed 0 cells

Phase 2 Constant propagation
INFO: [Opt 31-138] Pushed 0 inverter(s) to 0 load pin(s).
Phase 2 Constant propagation | Checksum: 1ce01ee41

Time (s): cpu = 00:00:00.03 ; elapsed = 00:00:00.05 . Memory (MB): peak = 1943.148 ; gain = 0.000 ; free physical = 56803 ; free virtual = 68962
INFO: [Opt 31-389] Phase Constant propagation created 0 cells and removed 0 cells

Phase 3 Sweep
Phase 3 Sweep | Checksum: 1a41e7653

Time (s): cpu = 00:00:00.03 ; elapsed = 00:00:00.06 . Memory (MB): peak = 1943.148 ; gain = 0.000 ; free physical = 56803 ; free virtual = 68962
INFO: [Opt 31-389] Phase Sweep created 0 cells and removed 0 cells

Phase 4 BUFG optimization
Phase 4 BUFG optimization | Checksum: 1a41e7653

Time (s): cpu = 00:00:00.04 ; elapsed = 00:00:00.06 . Memory (MB): peak = 1943.148 ; gain = 0.000 ; free physical = 56803 ; free virtual = 68962
INFO: [Opt 31-662] Phase BUFG optimization created 0 cells of which 0 are BUFGs and removed 0 cells.

Phase 5 Shift Register Optimization
Phase 5 Shift Register Optimization | Checksum: 1affc2502

Time (s): cpu = 00:00:00.05 ; elapsed = 00:00:00.07 . Memory (MB): peak = 1943.148 ; gain = 0.000 ; free physical = 56803 ; free virtual = 68962
INFO: [Opt 31-389] Phase Shift Register Optimization created 0 cells and removed 0 cells

Phase 6 Post Processing Netlist
Phase 6 Post Processing Netlist | Checksum: 1affc2502

Time (s): cpu = 00:00:00.05 ; elapsed = 00:00:00.07 . Memory (MB): peak = 1943.148 ; gain = 0.000 ; free physical = 56803 ; free virtual = 68962
INFO: [Opt 31-389] Phase Post Processing Netlist created 0 cells and removed 0 cells

Starting Connectivity Check Task

Time (s): cpu = 00:00:00 ; elapsed = 00:00:00 . Memory (MB): peak = 1943.148 ; gain = 0.000 ; free physical = 56803 ; free virtual = 68962
Ending Logic Optimization Task | Checksum: 1affc2502

Time (s): cpu = 00:00:00.05 ; elapsed = 00:00:00.08 . Memory (MB): peak = 1943.148 ; gain = 0.000 ; free physical = 56803 ; free virtual = 68962

Starting Power Optimization Task
INFO: [Pwropt 34-132] Skipping clock gating for clocks with a period < 2.00 ns.
Ending Power Optimization Task | Checksum: 1affc2502

Time (s): cpu = 00:00:00.01 ; elapsed = 00:00:00.02 . Memory (MB): peak = 1943.148 ; gain = 0.000 ; free physical = 56803 ; free virtual = 68962

Starting Final Cleanup Task
Ending Final Cleanup Task | Checksum: 1affc2502

Time (s): cpu = 00:00:00 ; elapsed = 00:00:00 . Memory (MB): peak = 1943.148 ; gain = 0.000 ; free physical = 56803 ; free virtual = 68962
INFO: [Common 17-83] Releasing license: Implementation
22 Infos, 0 Warnings, 0 Critical Warnings and 0 Errors encountered.
opt_design completed successfully
opt_design: Time (s): cpu = 00:00:10 ; elapsed = 00:00:22 . Memory (MB): peak = 1943.148 ; gain = 536.531 ; free physical = 56803 ; free virtual = 68962
WARNING: [Constraints 18-5210] No constraint will be written out.
INFO: [Common 17-1381] The checkpoint '/home/vguittar/Bureau/4A/PSI/SystemeInformatique/PSI/PSI.runs/impl_1/ALU_opt.dcp' has been generated.
INFO: [runtcl-4] Executing : report_drc -file ALU_drc_opted.rpt -pb ALU_drc_opted.pb -rpx ALU_drc_opted.rpx
Command: report_drc -file ALU_drc_opted.rpt -pb ALU_drc_opted.pb -rpx ALU_drc_opted.rpx
INFO: [IP_Flow 19-234] Refreshing IP repositories
INFO: [IP_Flow 19-1704] No user IP repositories specified
INFO: [IP_Flow 19-2313] Loaded Vivado IP repository '/usr/local/insa/Xilinx.VIVADO/Vivado/2018.2/data/ip'.
INFO: [DRC 23-27] Running DRC with 8 threads
INFO: [Coretcl 2-168] The results of DRC are in file /home/vguittar/Bureau/4A/PSI/SystemeInformatique/PSI/PSI.runs/impl_1/ALU_drc_opted.rpt.
report_drc completed successfully
Command: place_design
Attempting to get a license for feature 'Implementation' and/or device 'xc7a35t'
INFO: [Common 17-349] Got license for feature 'Implementation' and/or device 'xc7a35t'
INFO: [DRC 23-27] Running DRC with 8 threads
INFO: [Vivado_Tcl 4-198] DRC finished with 0 Errors
INFO: [Vivado_Tcl 4-199] Please refer to the DRC report (report_drc) for more information.
Running DRC as a precondition to command place_design
INFO: [DRC 23-27] Running DRC with 8 threads
INFO: [Vivado_Tcl 4-198] DRC finished with 0 Errors
INFO: [Vivado_Tcl 4-199] Please refer to the DRC report (report_drc) for more information.

Starting Placer Task
INFO: [Place 30-611] Multithreading enabled for place_design using a maximum of 8 CPUs

Phase 1 Placer Initialization

Phase 1.1 Placer Initialization Netlist Sorting
Netlist sorting complete. Time (s): cpu = 00:00:00 ; elapsed = 00:00:00 . Memory (MB): peak = 2007.180 ; gain = 0.000 ; free physical = 56761 ; free virtual = 68921
Phase 1.1 Placer Initialization Netlist Sorting | Checksum: b45e0e53

Time (s): cpu = 00:00:00.01 ; elapsed = 00:00:00.04 . Memory (MB): peak = 2007.180 ; gain = 0.000 ; free physical = 56761 ; free virtual = 68921
Netlist sorting complete. Time (s): cpu = 00:00:00 ; elapsed = 00:00:00 . Memory (MB): peak = 2007.180 ; gain = 0.000 ; free physical = 56761 ; free virtual = 68921

Phase 1.2 IO Placement/ Clock Placement/ Build Placer Device
INFO: [Timing 38-35] Done setting XDC timing constraints.
Phase 1.2 IO Placement/ Clock Placement/ Build Placer Device | Checksum: 114f8e2d5

Time (s): cpu = 00:00:00.70 ; elapsed = 00:00:00.40 . Memory (MB): peak = 2036.191 ; gain = 29.012 ; free physical = 56761 ; free virtual = 68924

Phase 1.3 Build Placer Netlist Model
Phase 1.3 Build Placer Netlist Model | Checksum: 1dbb9a994

Time (s): cpu = 00:00:00.74 ; elapsed = 00:00:00.42 . Memory (MB): peak = 2036.191 ; gain = 29.012 ; free physical = 56761 ; free virtual = 68924

Phase 1.4 Constrain Clocks/Macros
Phase 1.4 Constrain Clocks/Macros | Checksum: 1dbb9a994

Time (s): cpu = 00:00:00.74 ; elapsed = 00:00:00.42 . Memory (MB): peak = 2036.191 ; gain = 29.012 ; free physical = 56761 ; free virtual = 68924
Phase 1 Placer Initialization | Checksum: 1dbb9a994

Time (s): cpu = 00:00:00.74 ; elapsed = 00:00:00.42 . Memory (MB): peak = 2036.191 ; gain = 29.012 ; free physical = 56761 ; free virtual = 68924

Phase 2 Global Placement

Phase 2.1 Floorplanning
Phase 2.1 Floorplanning | Checksum: 1dbb9a994

Time (s): cpu = 00:00:00.76 ; elapsed = 00:00:00.43 . Memory (MB): peak = 2036.191 ; gain = 29.012 ; free physical = 56761 ; free virtual = 68924
WARNING: [Place 46-29] place_design is not in timing mode. Skip physical synthesis in placer
Phase 2 Global Placement | Checksum: 17122e75d

Time (s): cpu = 00:00:02 ; elapsed = 00:00:00.76 . Memory (MB): peak = 2156.250 ; gain = 149.070 ; free physical = 56728 ; free virtual = 68892

Phase 3 Detail Placement

Phase 3.1 Commit Multi Column Macros
Phase 3.1 Commit Multi Column Macros | Checksum: 17122e75d

Time (s): cpu = 00:00:02 ; elapsed = 00:00:00.76 . Memory (MB): peak = 2156.250 ; gain = 149.070 ; free physical = 56728 ; free virtual = 68892

Phase 3.2 Commit Most Macros & LUTRAMs
Phase 3.2 Commit Most Macros & LUTRAMs | Checksum: 157e84308

Time (s): cpu = 00:00:03 ; elapsed = 00:00:00.78 . Memory (MB): peak = 2156.250 ; gain = 149.070 ; free physical = 56728 ; free virtual = 68892

Phase 3.3 Area Swap Optimization
Phase 3.3 Area Swap Optimization | Checksum: 1308cb69b

Time (s): cpu = 00:00:03 ; elapsed = 00:00:00.78 . Memory (MB): peak = 2156.250 ; gain = 149.070 ; free physical = 56728 ; free virtual = 68892

Phase 3.4 Pipeline Register Optimization
Phase 3.4 Pipeline Register Optimization | Checksum: 1308cb69b

Time (s): cpu = 00:00:03 ; elapsed = 00:00:00.78 . Memory (MB): peak = 2156.250 ; gain = 149.070 ; free physical = 56728 ; free virtual = 68892

Phase 3.5 Small Shape Detail Placement
Phase 3.5 Small Shape Detail Placement | Checksum: 1c80b2849

Time (s): cpu = 00:00:03 ; elapsed = 00:00:00.86 . Memory (MB): peak = 2156.250 ; gain = 149.070 ; free physical = 56727 ; free virtual = 68892

Phase 3.6 Re-assign LUT pins
Phase 3.6 Re-assign LUT pins | Checksum: 1c80b2849

Time (s): cpu = 00:00:03 ; elapsed = 00:00:00.86 . Memory (MB): peak = 2156.250 ; gain = 149.070 ; free physical = 56727 ; free virtual = 68892

Phase 3.7 Pipeline Register Optimization
Phase 3.7 Pipeline Register Optimization | Checksum: 1c80b2849

Time (s): cpu = 00:00:03 ; elapsed = 00:00:00.86 . Memory (MB): peak = 2156.250 ; gain = 149.070 ; free physical = 56727 ; free virtual = 68892
Phase 3 Detail Placement | Checksum: 1c80b2849

Time (s): cpu = 00:00:03 ; elapsed = 00:00:00.87 . Memory (MB): peak = 2156.250 ; gain = 149.070 ; free physical = 56727 ; free virtual = 68892

Phase 4 Post Placement Optimization and Clean-Up

Phase 4.1 Post Commit Optimization
Phase 4.1 Post Commit Optimization | Checksum: 1c80b2849

Time (s): cpu = 00:00:03 ; elapsed = 00:00:00.87 . Memory (MB): peak = 2156.250 ; gain = 149.070 ; free physical = 56727 ; free virtual = 68892

Phase 4.2 Post Placement Cleanup
Phase 4.2 Post Placement Cleanup | Checksum: 1c80b2849

Time (s): cpu = 00:00:03 ; elapsed = 00:00:00.87 . Memory (MB): peak = 2156.250 ; gain = 149.070 ; free physical = 56729 ; free virtual = 68893

Phase 4.3 Placer Reporting
Phase 4.3 Placer Reporting | Checksum: 1c80b2849

Time (s): cpu = 00:00:03 ; elapsed = 00:00:00.87 . Memory (MB): peak = 2156.250 ; gain = 149.070 ; free physical = 56729 ; free virtual = 68893

Phase 4.4 Final Placement Cleanup
Phase 4.4 Final Placement Cleanup | Checksum: 1c80b2849

Time (s): cpu = 00:00:03 ; elapsed = 00:00:00.88 . Memory (MB): peak = 2156.250 ; gain = 149.070 ; free physical = 56729 ; free virtual = 68893
Phase 4 Post Placement Optimization and Clean-Up | Checksum: 1c80b2849

Time (s): cpu = 00:00:03 ; elapsed = 00:00:00.88 . Memory (MB): peak = 2156.250 ; gain = 149.070 ; free physical = 56729 ; free virtual = 68893
Ending Placer Task | Checksum: 10c771271

Time (s): cpu = 00:00:03 ; elapsed = 00:00:00.88 . Memory (MB): peak = 2156.250 ; gain = 149.070 ; free physical = 56737 ; free virtual = 68902
INFO: [Common 17-83] Releasing license: Implementation
39 Infos, 2 Warnings, 0 Critical Warnings and 0 Errors encountered.
place_design completed successfully
WARNING: [Constraints 18-5210] No constraint will be written out.
Writing placer database...
Writing XDEF routing.
Writing XDEF routing logical nets.
Writing XDEF routing special nets.
Write XDEF Complete: Time (s): cpu = 00:00:00.07 ; elapsed = 00:00:00.17 . Memory (MB): peak = 2156.250 ; gain = 0.000 ; free physical = 56741 ; free virtual = 68907
INFO: [Common 17-1381] The checkpoint '/home/vguittar/Bureau/4A/PSI/SystemeInformatique/PSI/PSI.runs/impl_1/ALU_placed.dcp' has been generated.
INFO: [runtcl-4] Executing : report_io -file ALU_io_placed.rpt
report_io: Time (s): cpu = 00:00:00.09 ; elapsed = 00:00:00.13 . Memory (MB): peak = 2156.250 ; gain = 0.000 ; free physical = 56722 ; free virtual = 68887
INFO: [runtcl-4] Executing : report_utilization -file ALU_utilization_placed.rpt -pb ALU_utilization_placed.pb
report_utilization: Time (s): cpu = 00:00:00.06 ; elapsed = 00:00:00.09 . Memory (MB): peak = 2156.250 ; gain = 0.000 ; free physical = 56727 ; free virtual = 68892
INFO: [runtcl-4] Executing : report_control_sets -verbose -file ALU_control_sets_placed.rpt
report_control_sets: Time (s): cpu = 00:00:00.05 ; elapsed = 00:00:00.07 . Memory (MB): peak = 2156.250 ; gain = 0.000 ; free physical = 56733 ; free virtual = 68898
Command: route_design
Attempting to get a license for feature 'Implementation' and/or device 'xc7a35t'
INFO: [Common 17-349] Got license for feature 'Implementation' and/or device 'xc7a35t'
Running DRC as a precondition to command route_design
INFO: [DRC 23-27] Running DRC with 8 threads
INFO: [Vivado_Tcl 4-198] DRC finished with 0 Errors
INFO: [Vivado_Tcl 4-199] Please refer to the DRC report (report_drc) for more information.


Starting Routing Task
INFO: [Route 35-254] Multithreading enabled for route_design using a maximum of 8 CPUs
Checksum: PlaceDB: 5819041e ConstDB: 0 ShapeSum: b45e0e53 RouteDB: 0

Phase 1 Build RT Design
Phase 1 Build RT Design | Checksum: 13d48c54

Time (s): cpu = 00:00:10 ; elapsed = 00:00:08 . Memory (MB): peak = 2157.879 ; gain = 1.629 ; free physical = 56637 ; free virtual = 68803
Post Restoration Checksum: NetGraph: 180257f NumContArr: 125466d5 Constraints: 0 Timing: 0

Phase 2 Router Initialization
INFO: [Route 35-64] No timing constraints were detected. The router will operate in resource-optimization mode.

Phase 2.1 Fix Topology Constraints
Phase 2.1 Fix Topology Constraints | Checksum: 13d48c54

Time (s): cpu = 00:00:10 ; elapsed = 00:00:09 . Memory (MB): peak = 2164.867 ; gain = 8.617 ; free physical = 56615 ; free virtual = 68781

Phase 2.2 Pre Route Cleanup
Phase 2.2 Pre Route Cleanup | Checksum: 13d48c54

Time (s): cpu = 00:00:10 ; elapsed = 00:00:09 . Memory (MB): peak = 2164.867 ; gain = 8.617 ; free physical = 56615 ; free virtual = 68781
 Number of Nodes with overlaps = 0
Phase 2 Router Initialization | Checksum: 1798d802d

Time (s): cpu = 00:00:10 ; elapsed = 00:00:09 . Memory (MB): peak = 2168.867 ; gain = 12.617 ; free physical = 56611 ; free virtual = 68777

Phase 3 Initial Routing
Phase 3 Initial Routing | Checksum: 10b8ea399

Time (s): cpu = 00:00:10 ; elapsed = 00:00:09 . Memory (MB): peak = 2168.867 ; gain = 12.617 ; free physical = 56610 ; free virtual = 68776

Phase 4 Rip-up And Reroute

Phase 4.1 Global Iteration 0
 Number of Nodes with overlaps = 7
 Number of Nodes with overlaps = 0
Phase 4.1 Global Iteration 0 | Checksum: 14a31e1d4

Time (s): cpu = 00:00:11 ; elapsed = 00:00:09 . Memory (MB): peak = 2169.867 ; gain = 13.617 ; free physical = 56610 ; free virtual = 68776
Phase 4 Rip-up And Reroute | Checksum: 14a31e1d4

Time (s): cpu = 00:00:11 ; elapsed = 00:00:09 . Memory (MB): peak = 2169.867 ; gain = 13.617 ; free physical = 56610 ; free virtual = 68776

Phase 5 Delay and Skew Optimization
Phase 5 Delay and Skew Optimization | Checksum: 14a31e1d4

Time (s): cpu = 00:00:11 ; elapsed = 00:00:09 . Memory (MB): peak = 2169.867 ; gain = 13.617 ; free physical = 56610 ; free virtual = 68776

Phase 6 Post Hold Fix

Phase 6.1 Hold Fix Iter
Phase 6.1 Hold Fix Iter | Checksum: 14a31e1d4

Time (s): cpu = 00:00:11 ; elapsed = 00:00:09 . Memory (MB): peak = 2169.867 ; gain = 13.617 ; free physical = 56610 ; free virtual = 68776
Phase 6 Post Hold Fix | Checksum: 14a31e1d4

Time (s): cpu = 00:00:11 ; elapsed = 00:00:09 . Memory (MB): peak = 2169.867 ; gain = 13.617 ; free physical = 56610 ; free virtual = 68776

Phase 7 Route finalize

Router Utilization Summary
  Global Vertical Routing Utilization    = 0.0283026 %
  Global Horizontal Routing Utilization  = 0.0214732 %
  Routable Net Status*
  *Does not include unroutable nets such as driverless and loadless.
  Run report_route_status for detailed report.
  Number of Failed Nets               = 0
  Number of Unrouted Nets             = 0
  Number of Partially Routed Nets     = 0
  Number of Node Overlaps             = 0

Congestion Report
North Dir 1x1 Area, Max Cong = 9.00901%, No Congested Regions.
South Dir 1x1 Area, Max Cong = 25.2252%, No Congested Regions.
East Dir 1x1 Area, Max Cong = 13.2353%, No Congested Regions.
West Dir 1x1 Area, Max Cong = 14.7059%, No Congested Regions.

------------------------------
Reporting congestion hotspots
------------------------------
Direction: North
----------------
Congested clusters found at Level 0
Effective congestion level: 0 Aspect Ratio: 1 Sparse Ratio: 0
Direction: South
----------------
Congested clusters found at Level 0
Effective congestion level: 0 Aspect Ratio: 1 Sparse Ratio: 0
Direction: East
----------------
Congested clusters found at Level 0
Effective congestion level: 0 Aspect Ratio: 1 Sparse Ratio: 0
Direction: West
----------------
Congested clusters found at Level 0
Effective congestion level: 0 Aspect Ratio: 1 Sparse Ratio: 0

Phase 7 Route finalize | Checksum: 14a31e1d4

Time (s): cpu = 00:00:11 ; elapsed = 00:00:09 . Memory (MB): peak = 2169.867 ; gain = 13.617 ; free physical = 56610 ; free virtual = 68776

Phase 8 Verifying routed nets

 Verification completed successfully
Phase 8 Verifying routed nets | Checksum: 14a31e1d4

Time (s): cpu = 00:00:11 ; elapsed = 00:00:09 . Memory (MB): peak = 2172.867 ; gain = 16.617 ; free physical = 56608 ; free virtual = 68774

Phase 9 Depositing Routes
Phase 9 Depositing Routes | Checksum: 170676442

Time (s): cpu = 00:00:11 ; elapsed = 00:00:09 . Memory (MB): peak = 2172.867 ; gain = 16.617 ; free physical = 56608 ; free virtual = 68774
INFO: [Route 35-16] Router Completed Successfully

Time (s): cpu = 00:00:11 ; elapsed = 00:00:09 . Memory (MB): peak = 2172.867 ; gain = 16.617 ; free physical = 56630 ; free virtual = 68796

Routing Is Done.
INFO: [Common 17-83] Releasing license: Implementation
51 Infos, 3 Warnings, 0 Critical Warnings and 0 Errors encountered.
route_design completed successfully
route_design: Time (s): cpu = 00:00:12 ; elapsed = 00:00:10 . Memory (MB): peak = 2172.867 ; gain = 16.617 ; free physical = 56630 ; free virtual = 68796
WARNING: [Constraints 18-5210] No constraint will be written out.
Writing placer database...
Writing XDEF routing.
Writing XDEF routing logical nets.
Writing XDEF routing special nets.
Write XDEF Complete: Time (s): cpu = 00:00:00.03 ; elapsed = 00:00:00.02 . Memory (MB): peak = 2172.867 ; gain = 0.000 ; free physical = 56630 ; free virtual = 68797
INFO: [Common 17-1381] The checkpoint '/home/vguittar/Bureau/4A/PSI/SystemeInformatique/PSI/PSI.runs/impl_1/ALU_routed.dcp' has been generated.
INFO: [runtcl-4] Executing : report_drc -file ALU_drc_routed.rpt -pb ALU_drc_routed.pb -rpx ALU_drc_routed.rpx
Command: report_drc -file ALU_drc_routed.rpt -pb ALU_drc_routed.pb -rpx ALU_drc_routed.rpx
INFO: [DRC 23-27] Running DRC with 8 threads
INFO: [Coretcl 2-168] The results of DRC are in file /home/vguittar/Bureau/4A/PSI/SystemeInformatique/PSI/PSI.runs/impl_1/ALU_drc_routed.rpt.
report_drc completed successfully
INFO: [runtcl-4] Executing : report_methodology -file ALU_methodology_drc_routed.rpt -pb ALU_methodology_drc_routed.pb -rpx ALU_methodology_drc_routed.rpx
Command: report_methodology -file ALU_methodology_drc_routed.rpt -pb ALU_methodology_drc_routed.pb -rpx ALU_methodology_drc_routed.rpx
INFO: [Timing 38-35] Done setting XDC timing constraints.
INFO: [Timing 38-35] Done setting XDC timing constraints.
INFO: [DRC 23-133] Running Methodology with 8 threads
INFO: [Coretcl 2-1520] The results of Report Methodology are in file /home/vguittar/Bureau/4A/PSI/SystemeInformatique/PSI/PSI.runs/impl_1/ALU_methodology_drc_routed.rpt.
report_methodology completed successfully
INFO: [runtcl-4] Executing : report_power -file ALU_power_routed.rpt -pb ALU_power_summary_routed.pb -rpx ALU_power_routed.rpx
Command: report_power -file ALU_power_routed.rpt -pb ALU_power_summary_routed.pb -rpx ALU_power_routed.rpx
WARNING: [Power 33-232] No user defined clocks were found in the design!
Resolution: Please specify clocks using create_clock/create_generated_clock for sequential elements. For pure combinatorial circuits, please specify a virtual clock, otherwise the vectorless estimation might be inaccurate
INFO: [Timing 38-35] Done setting XDC timing constraints.
Running Vector-less Activity Propagation...

Finished Running Vector-less Activity Propagation
62 Infos, 5 Warnings, 0 Critical Warnings and 0 Errors encountered.
report_power completed successfully
INFO: [runtcl-4] Executing : report_route_status -file ALU_route_status.rpt -pb ALU_route_status.pb
INFO: [runtcl-4] Executing : report_timing_summary -max_paths 10 -file ALU_timing_summary_routed.rpt -pb ALU_timing_summary_routed.pb -rpx ALU_timing_summary_routed.rpx -warn_on_violation 
INFO: [Timing 38-91] UpdateTimingParams: Speed grade: -1, Delay Type: min_max, Timing Stage: Requireds.
INFO: [Timing 38-191] Multithreading enabled for timing update using a maximum of 8 CPUs
WARNING: [Timing 38-313] There are no user specified timing constraints. Timing constraints are needed for proper timing analysis.
INFO: [runtcl-4] Executing : report_incremental_reuse -file ALU_incremental_reuse_routed.rpt
INFO: [Vivado_Tcl 4-545] No incremental reuse to report, no incremental placement and routing data was found.
INFO: [runtcl-4] Executing : report_clock_utilization -file ALU_clock_utilization_routed.rpt
INFO: [runtcl-4] Executing : report_bus_skew -warn_on_violation -file ALU_bus_skew_routed.rpt -pb ALU_bus_skew_routed.pb -rpx ALU_bus_skew_routed.rpx
INFO: [Timing 38-91] UpdateTimingParams: Speed grade: -1, Delay Type: min_max, Timing Stage: Requireds.
INFO: [Timing 38-191] Multithreading enabled for timing update using a maximum of 8 CPUs
INFO: [Common 17-206] Exiting Vivado at Thu May 25 11:51:10 2023...
