
*** Running vivado
    with args -log DATA_PATH.vds -m64 -product Vivado -mode batch -messageDb vivado.pb -notrace -source DATA_PATH.tcl


****** Vivado v2018.2 (64-bit)
  **** SW Build 2258646 on Thu Jun 14 20:02:38 MDT 2018
  **** IP Build 2256618 on Thu Jun 14 22:10:49 MDT 2018
    ** Copyright 1986-2018 Xilinx, Inc. All Rights Reserved.

source DATA_PATH.tcl -notrace
Command: synth_design -top DATA_PATH -part xc7a35tcpg236-1
Starting synth_design
Attempting to get a license for feature 'Synthesis' and/or device 'xc7a35t'
INFO: [Common 17-349] Got license for feature 'Synthesis' and/or device 'xc7a35t'
INFO: Launching helper process for spawning children vivado processes
INFO: Helper process launched with PID 18361 
---------------------------------------------------------------------------------
Starting RTL Elaboration : Time (s): cpu = 00:00:02 ; elapsed = 00:00:02 . Memory (MB): peak = 1255.266 ; gain = 83.812 ; free physical = 8632 ; free virtual = 20294
---------------------------------------------------------------------------------
WARNING: [Synth 8-2489] overwriting existing secondary unit behavioral [/home/vguittar/Bureau/4A/PSI/SystemeInformatique/PSI/PSI.srcs/sources_1/new/PL2.vhd:44]
INFO: [Synth 8-638] synthesizing module 'DATA_PATH' [/home/vguittar/Bureau/4A/PSI/SystemeInformatique/PSI/PSI.srcs/sources_1/new/DATA_PATH.vhd:36]
INFO: [Synth 8-3491] module 'IM' declared at '/home/vguittar/Bureau/4A/PSI/SystemeInformatique/PSI/PSI.srcs/sources_1/new/IM.vhd:27' bound to instance 'U_IM' of component 'IM' [/home/vguittar/Bureau/4A/PSI/SystemeInformatique/PSI/PSI.srcs/sources_1/new/DATA_PATH.vhd:151]
INFO: [Synth 8-638] synthesizing module 'IM' [/home/vguittar/Bureau/4A/PSI/SystemeInformatique/PSI/PSI.srcs/sources_1/new/IM.vhd:33]
INFO: [Synth 8-256] done synthesizing module 'IM' (1#1) [/home/vguittar/Bureau/4A/PSI/SystemeInformatique/PSI/PSI.srcs/sources_1/new/IM.vhd:33]
INFO: [Synth 8-3491] module 'REG' declared at '/home/vguittar/Bureau/4A/PSI/SystemeInformatique/PSI/PSI.srcs/sources_1/new/REG.vhd:26' bound to instance 'U_REG' of component 'REG' [/home/vguittar/Bureau/4A/PSI/SystemeInformatique/PSI/PSI.srcs/sources_1/new/DATA_PATH.vhd:152]
INFO: [Synth 8-638] synthesizing module 'REG' [/home/vguittar/Bureau/4A/PSI/SystemeInformatique/PSI/PSI.srcs/sources_1/new/REG.vhd:38]
INFO: [Synth 8-256] done synthesizing module 'REG' (2#1) [/home/vguittar/Bureau/4A/PSI/SystemeInformatique/PSI/PSI.srcs/sources_1/new/REG.vhd:38]
INFO: [Synth 8-3491] module 'ALU' declared at '/home/vguittar/Bureau/4A/PSI/SystemeInformatique/PSI/PSI.srcs/sources_1/new/ALU.vhd:28' bound to instance 'U_ALU' of component 'ALU' [/home/vguittar/Bureau/4A/PSI/SystemeInformatique/PSI/PSI.srcs/sources_1/new/DATA_PATH.vhd:153]
INFO: [Synth 8-638] synthesizing module 'ALU' [/home/vguittar/Bureau/4A/PSI/SystemeInformatique/PSI/PSI.srcs/sources_1/new/ALU.vhd:39]
INFO: [Synth 8-256] done synthesizing module 'ALU' (3#1) [/home/vguittar/Bureau/4A/PSI/SystemeInformatique/PSI/PSI.srcs/sources_1/new/ALU.vhd:39]
INFO: [Synth 8-3491] module 'DM' declared at '/home/vguittar/Bureau/4A/PSI/SystemeInformatique/PSI/PSI.srcs/sources_1/new/DM.vhd:26' bound to instance 'U_DM' of component 'DM' [/home/vguittar/Bureau/4A/PSI/SystemeInformatique/PSI/PSI.srcs/sources_1/new/DATA_PATH.vhd:154]
INFO: [Synth 8-638] synthesizing module 'DM' [/home/vguittar/Bureau/4A/PSI/SystemeInformatique/PSI/PSI.srcs/sources_1/new/DM.vhd:35]
INFO: [Synth 8-256] done synthesizing module 'DM' (4#1) [/home/vguittar/Bureau/4A/PSI/SystemeInformatique/PSI/PSI.srcs/sources_1/new/DM.vhd:35]
INFO: [Synth 8-3491] module 'PL' declared at '/home/vguittar/Bureau/4A/PSI/SystemeInformatique/PSI/PSI.srcs/sources_1/new/PL.vhd:34' bound to instance 'U_PL_IM' of component 'PL' [/home/vguittar/Bureau/4A/PSI/SystemeInformatique/PSI/PSI.srcs/sources_1/new/DATA_PATH.vhd:156]
INFO: [Synth 8-638] synthesizing module 'PL' [/home/vguittar/Bureau/4A/PSI/SystemeInformatique/PSI/PSI.srcs/sources_1/new/PL2.vhd:44]
WARNING: [Synth 8-3848] Net C_OUT in module/entity PL does not have driver. [/home/vguittar/Bureau/4A/PSI/SystemeInformatique/PSI/PSI.srcs/sources_1/new/PL.vhd:42]
INFO: [Synth 8-256] done synthesizing module 'PL' (5#1) [/home/vguittar/Bureau/4A/PSI/SystemeInformatique/PSI/PSI.srcs/sources_1/new/PL2.vhd:44]
INFO: [Synth 8-3491] module 'PL' declared at '/home/vguittar/Bureau/4A/PSI/SystemeInformatique/PSI/PSI.srcs/sources_1/new/PL.vhd:34' bound to instance 'U_PL_REG' of component 'PL' [/home/vguittar/Bureau/4A/PSI/SystemeInformatique/PSI/PSI.srcs/sources_1/new/DATA_PATH.vhd:157]
ERROR: [Synth 8-2948] no architecture 'behavioral' for entity 'PL2' [/home/vguittar/Bureau/4A/PSI/SystemeInformatique/PSI/PSI.srcs/sources_1/new/DATA_PATH.vhd:158]
ERROR: [Synth 8-285] failed synthesizing module 'DATA_PATH' [/home/vguittar/Bureau/4A/PSI/SystemeInformatique/PSI/PSI.srcs/sources_1/new/DATA_PATH.vhd:36]
---------------------------------------------------------------------------------
Finished RTL Elaboration : Time (s): cpu = 00:00:03 ; elapsed = 00:00:03 . Memory (MB): peak = 1308.891 ; gain = 137.438 ; free physical = 8631 ; free virtual = 20294
---------------------------------------------------------------------------------
RTL Elaboration failed
INFO: [Common 17-83] Releasing license: Synthesis
19 Infos, 2 Warnings, 0 Critical Warnings and 3 Errors encountered.
synth_design failed
ERROR: [Common 17-69] Command failed: Synthesis failed - please see the console or run log file for details
INFO: [Common 17-206] Exiting Vivado at Wed May 31 12:31:02 2023...
