INFO: [VRFC 10-163] Analyzing VHDL file "/home/vguittar/Bureau/4A/PSI/SystemeInformatique/PSI/PSI.srcs/sources_1/new/ALU.vhd" into library xil_defaultlib
INFO: [VRFC 10-307] analyzing entity ALU
INFO: [VRFC 10-163] Analyzing VHDL file "/home/vguittar/Bureau/4A/PSI/SystemeInformatique/PSI/PSI.srcs/sources_1/new/ALU.vhd" into library xil_defaultlib
INFO: [VRFC 10-307] analyzing entity ALU
INFO: [VRFC 10-163] Analyzing VHDL file "/home/vguittar/Bureau/4A/PSI/SystemeInformatique/PSI/PSI.srcs/sources_1/new/ALU.vhd" into library xil_defaultlib
INFO: [VRFC 10-307] analyzing entity ALU
INFO: [VRFC 10-163] Analyzing VHDL file "/home/vguittar/Bureau/4A/PSI/SystemeInformatique/PSI/PSI.srcs/sources_1/new/ALU.vhd" into library xil_defaultlib
INFO: [VRFC 10-307] analyzing entity ALU
INFO: [VRFC 10-163] Analyzing VHDL file "/home/vguittar/Bureau/4A/PSI/SystemeInformatique/PSI/PSI.srcs/sim_1/new/ALU_Test.vhd" into library xil_defaultlib
INFO: [VRFC 10-307] analyzing entity ALU_Test
INFO: [VRFC 10-163] Analyzing VHDL file "/home/vguittar/Bureau/4A/PSI/SystemeInformatique/PSI/PSI.srcs/sources_1/new/DM.vhd" into library xil_defaultlib
INFO: [VRFC 10-307] analyzing entity DM
INFO: [VRFC 10-163] Analyzing VHDL file "/home/vguittar/Bureau/4A/PSI/SystemeInformatique/PSI/PSI.srcs/sources_1/new/IM.vhd" into library xil_defaultlib
INFO: [VRFC 10-307] analyzing entity IM
INFO: [VRFC 10-163] Analyzing VHDL file "/home/vguittar/Bureau/4A/PSI/SystemeInformatique/PSI/PSI.srcs/sources_1/new/REG.vhd" into library xil_defaultlib
INFO: [VRFC 10-307] analyzing entity REG
INFO: [VRFC 10-163] Analyzing VHDL file "/home/vguittar/Bureau/4A/PSI/SystemeInformatique/PSI/PSI.srcs/sources_1/new/ALU.vhd" into library xil_defaultlib
INFO: [VRFC 10-307] analyzing entity ALU
INFO: [VRFC 10-163] Analyzing VHDL file "/home/vguittar/Bureau/4A/PSI/SystemeInformatique/PSI/PSI.srcs/sources_1/new/REG.vhd" into library xil_defaultlib
INFO: [VRFC 10-307] analyzing entity REG
INFO: [VRFC 10-163] Analyzing VHDL file "/home/vguittar/Bureau/4A/PSI/SystemeInformatique/PSI/PSI.srcs/sources_1/new/DM.vhd" into library xil_defaultlib
INFO: [VRFC 10-307] analyzing entity DM
INFO: [VRFC 10-163] Analyzing VHDL file "/home/vguittar/Bureau/4A/PSI/SystemeInformatique/PSI/PSI.srcs/sources_1/new/IM.vhd" into library xil_defaultlib
INFO: [VRFC 10-307] analyzing entity IM
INFO: [VRFC 10-163] Analyzing VHDL file "/home/vguittar/Bureau/4A/PSI/SystemeInformatique/PSI/PSI.srcs/sim_1/new/ALU_Test.vhd" into library xil_defaultlib
INFO: [VRFC 10-307] analyzing entity ALU_Test
INFO: [VRFC 10-163] Analyzing VHDL file "/home/vguittar/Bureau/4A/PSI/SystemeInformatique/PSI/PSI.srcs/sources_1/new/DATA_PATH.vhd" into library xil_defaultlib
INFO: [VRFC 10-307] analyzing entity DATA_PATH
INFO: [VRFC 10-163] Analyzing VHDL file "/home/vguittar/Bureau/4A/PSI/SystemeInformatique/PSI/PSI.srcs/sim_1/new/testFig5.vhd" into library xil_defaultlib
INFO: [VRFC 10-307] analyzing entity testFig5
INFO: [VRFC 10-163] Analyzing VHDL file "/home/vguittar/Bureau/4A/PSI/SystemeInformatique/PSI/PSI.srcs/sim_1/new/testDP.vhd" into library xil_defaultlib
INFO: [VRFC 10-163] Analyzing VHDL file "/home/vguittar/Bureau/4A/PSI/SystemeInformatique/PSI/PSI.srcs/sources_1/new/ALU.vhd" into library xil_defaultlib
INFO: [VRFC 10-307] analyzing entity ALU
INFO: [VRFC 10-163] Analyzing VHDL file "/home/vguittar/Bureau/4A/PSI/SystemeInformatique/PSI/PSI.srcs/sources_1/new/DATA_PATH.vhd" into library xil_defaultlib
INFO: [VRFC 10-307] analyzing entity DATA_PATH
INFO: [VRFC 10-163] Analyzing VHDL file "/home/vguittar/Bureau/4A/PSI/SystemeInformatique/PSI/PSI.srcs/sim_1/new/testFig5.vhd" into library xil_defaultlib
INFO: [VRFC 10-307] analyzing entity testFig5
INFO: [VRFC 10-163] Analyzing VHDL file "/home/vguittar/Bureau/4A/PSI/SystemeInformatique/PSI/PSI.srcs/sources_1/new/ALU.vhd" into library xil_defaultlib
INFO: [VRFC 10-307] analyzing entity ALU
INFO: [VRFC 10-163] Analyzing VHDL file "/home/vguittar/Bureau/4A/PSI/SystemeInformatique/PSI/PSI.srcs/sources_1/new/DATA_PATH.vhd" into library xil_defaultlib
INFO: [VRFC 10-307] analyzing entity DATA_PATH
INFO: [VRFC 10-163] Analyzing VHDL file "/home/vguittar/Bureau/4A/PSI/SystemeInformatique/PSI/PSI.srcs/sources_1/new/ALU.vhd" into library xil_defaultlib
INFO: [VRFC 10-307] analyzing entity ALU
INFO: [VRFC 10-163] Analyzing VHDL file "/home/vguittar/Bureau/4A/PSI/SystemeInformatique/PSI/PSI.srcs/sources_1/new/REG.vhd" into library xil_defaultlib
INFO: [VRFC 10-307] analyzing entity REG
INFO: [VRFC 10-163] Analyzing VHDL file "/home/vguittar/Bureau/4A/PSI/SystemeInformatique/PSI/PSI.srcs/sources_1/new/DM.vhd" into library xil_defaultlib
INFO: [VRFC 10-307] analyzing entity DM
INFO: [VRFC 10-163] Analyzing VHDL file "/home/vguittar/Bureau/4A/PSI/SystemeInformatique/PSI/PSI.srcs/sources_1/new/IM.vhd" into library xil_defaultlib
INFO: [VRFC 10-307] analyzing entity IM
INFO: [VRFC 10-163] Analyzing VHDL file "/home/vguittar/Bureau/4A/PSI/SystemeInformatique/PSI/PSI.srcs/sources_1/new/DATA_PATH.vhd" into library xil_defaultlib
INFO: [VRFC 10-307] analyzing entity DATA_PATH
INFO: [VRFC 10-163] Analyzing VHDL file "/home/vguittar/Bureau/4A/PSI/ALU/ALU.srcs/sim_1/new/testALU.vhd" into library xil_defaultlib
INFO: [VRFC 10-307] analyzing entity testALU
INFO: [VRFC 10-163] Analyzing VHDL file "/home/vguittar/Bureau/4A/PSI/ALU/ALU.srcs/sim_1/new/testREG.vhd" into library xil_defaultlib
INFO: [VRFC 10-307] analyzing entity testREG
INFO: [VRFC 10-163] Analyzing VHDL file "/home/vguittar/Bureau/4A/PSI/ALU/ALU.srcs/sim_1/new/testIM.vhd" into library xil_defaultlib
INFO: [VRFC 10-307] analyzing entity testIM
INFO: [VRFC 10-163] Analyzing VHDL file "/home/vguittar/Bureau/4A/PSI/ALU/ALU.srcs/sim_1/new/testDM.vhd" into library xil_defaultlib
INFO: [VRFC 10-307] analyzing entity testDM
INFO: [VRFC 10-163] Analyzing VHDL file "/home/vguittar/Bureau/4A/PSI/ALU/ALU.srcs/sim_1/new/testDATA_PATH.vhd" into library xil_defaultlib
INFO: [VRFC 10-307] analyzing entity testDATA_PATH
INFO: [VRFC 10-163] Analyzing VHDL file "/home/vguittar/Bureau/4A/PSI/SystemeInformatique/PSI/PSI.srcs/sources_1/new/DATA_PATH.vhd" into library xil_defaultlib
INFO: [VRFC 10-307] analyzing entity DATA_PATH
