Vivado Simulator 2018.2
Copyright 1986-1999, 2001-2018 Xilinx, Inc. All Rights Reserved.
Running: /usr/local/insa/Xilinx.VIVADO/Vivado/2018.2/bin/unwrapped/lnx64.o/xelab -wto 803a732ea1e54d258d632fd6b12ac363 --incr --debug typical --relax --mt 8 -L xil_defaultlib -L secureip --snapshot testDATA_PATH_behav xil_defaultlib.testDATA_PATH -log elaborate.log 
Using 8 slave threads.
Starting static elaboration
Completed static elaboration
Starting simulation data flow analysis
Completed simulation data flow analysis
Time Resolution for simulation is 1ps
Compiling package std.standard
Compiling package std.textio
Compiling package ieee.std_logic_1164
Compiling package ieee.numeric_std
Compiling package ieee.std_logic_arith
Compiling package ieee.std_logic_unsigned
Compiling architecture behavioral of entity xil_defaultlib.IM [im_default]
Compiling architecture behavioral of entity xil_defaultlib.REG [reg_default]
Compiling architecture behavioral of entity xil_defaultlib.ALU [alu_default]
Compiling architecture behavioral of entity xil_defaultlib.DM [dm_default]
Compiling architecture behavioral of entity xil_defaultlib.PL [pl_default]
Compiling architecture behavioral of entity xil_defaultlib.PL2 [pl2_default]
Compiling architecture struct of entity xil_defaultlib.DATA_PATH [data_path_default]
Compiling architecture behavioral of entity xil_defaultlib.testdata_path
Built simulation snapshot testDATA_PATH_behav
